2017-02-11 16:55:23 认证方式  有线认证
2017-02-11 16:55:23 认证网卡  enp7s0f1
2017-02-11 16:55:23 用户名  M201572788
2017-02-11 16:55:23 服务  internet
2017-02-11 16:55:23 寻找认证服务器...
2017-02-11 16:55:24 2017-02-11 16:55:24 网线没有连接上，请检查网卡连接
2017-02-11 16:55:26 寻找认证服务器...
2017-02-11 16:55:29 寻找认证服务器...
2017-02-11 16:55:32 认证失败无法连接认证服务器。
2017-02-11 16:57:03 客户端提示： 网卡连接正常，连接速度:100.0 Mbps
2017-02-11 16:57:03 寻找认证服务器...
2017-02-11 16:57:04 2017-02-11 16:57:04 网线没有连接上，请检查网卡连接
2017-02-11 16:57:06 寻找认证服务器...
2017-02-11 16:57:09 客户端提示： 网卡连接正常，连接速度:100.0 Mbps
2017-02-11 16:57:09 寻找认证服务器...
2017-02-11 16:57:09 寻找认证服务器...
2017-02-11 16:57:10 2017-02-11 16:57:10 网线没有连接上，请检查网卡连接
2017-02-11 16:57:12 寻找认证服务器...
2017-02-11 16:57:15 寻找认证服务器...
2017-02-11 16:57:18 认证失败无法连接认证服务器。
2017-02-11 16:57:21 客户端提示： 网卡连接正常，连接速度:100.0 Mbps
2017-02-11 16:57:21 寻找认证服务器...
2017-02-11 16:57:22 2017-02-11 16:57:22 网线没有连接上，请检查网卡连接
2017-02-11 16:57:24 寻找认证服务器...
2017-02-11 16:57:27 寻找认证服务器...
2017-02-11 16:57:30 客户端提示： 网卡连接正常，连接速度:100.0 Mbps
2017-02-11 16:57:30 寻找认证服务器...
2017-02-11 16:57:31 2017-02-11 16:57:31 网线没有连接上，请检查网卡连接
2017-02-11 16:57:33 寻找认证服务器...
2017-02-11 16:57:36 客户端提示： 网卡连接正常，连接速度:100.0 Mbps
2017-02-11 16:57:36 寻找认证服务器...
2017-02-11 16:57:36 寻找认证服务器...
2017-02-11 16:57:37 2017-02-11 16:57:37 网线没有连接上，请检查网卡连接
2017-02-11 16:57:39 寻找认证服务器...
2017-02-11 16:57:42 寻找认证服务器...
2017-02-11 16:57:45 认证失败无法连接认证服务器。
2017-02-11 16:57:49 客户端提示： 网卡连接正常，连接速度:10.0 Mbps
2017-02-11 16:57:49 寻找认证服务器...
2017-02-11 16:57:50 2017-02-11 16:57:50 网线没有连接上，请检查网卡连接
2017-02-11 16:57:52 寻找认证服务器...
2017-02-11 16:58:05 退出客户端成功
2017-02-11 16:58:27 认证方式  有线认证
2017-02-11 16:58:27 认证网卡  enp7s0f1
2017-02-11 16:58:27 用户名  M201572788
2017-02-11 16:58:27 服务  internet
2017-02-11 16:58:27 寻找认证服务器...
2017-02-11 16:58:28 2017-02-11 16:58:28 网线没有连接上，请检查网卡连接
2017-02-11 16:58:30 寻找认证服务器...
2017-02-11 16:58:33 寻找认证服务器...
2017-02-11 16:58:36 认证失败无法连接认证服务器。
2017-02-11 16:58:38 客户端提示： 网卡连接正常，连接速度:100.0 Mbps
2017-02-11 16:58:38 寻找认证服务器...
2017-02-11 16:58:39 2017-02-11 16:58:39 网线没有连接上，请检查网卡连接
2017-02-11 16:58:41 寻找认证服务器...
2017-02-11 16:58:44 寻找认证服务器...
2017-02-11 16:58:47 认证失败无法连接认证服务器。
2017-02-11 16:58:51 客户端提示： 网卡连接正常，连接速度:100.0 Mbps
2017-02-11 16:58:51 寻找认证服务器...
2017-02-11 16:58:52 2017-02-11 16:58:52 网线没有连接上，请检查网卡连接
2017-02-11 16:58:54 寻找认证服务器...
2017-02-11 16:58:57 寻找认证服务器...
2017-02-11 16:59:00 认证失败无法连接认证服务器。
2017-02-11 16:59:03 客户端提示： 网卡连接正常，连接速度:100.0 Mbps
2017-02-11 16:59:03 寻找认证服务器...
2017-02-11 16:59:04 2017-02-11 16:59:04 网线没有连接上，请检查网卡连接
2017-02-11 16:59:06 寻找认证服务器...
2017-02-11 16:59:09 寻找认证服务器...
2017-02-11 16:59:12 认证失败无法连接认证服务器。
2017-02-11 16:59:16 客户端提示： 网卡连接正常，连接速度:10.0 Mbps
2017-02-11 16:59:16 寻找认证服务器...
2017-02-11 16:59:17 2017-02-11 16:59:17 网线没有连接上，请检查网卡连接
2017-02-11 16:59:19 寻找认证服务器...
2017-02-11 16:59:22 寻找认证服务器...
2017-02-11 16:59:25 认证失败无法连接认证服务器。
2017-02-11 16:59:28 客户端提示： 网卡连接正常，连接速度:100.0 Mbps
2017-02-11 16:59:28 寻找认证服务器...
2017-02-11 16:59:29 2017-02-11 16:59:29 网线没有连接上，请检查网卡连接
2017-02-11 16:59:31 寻找认证服务器...
2017-02-11 16:59:34 寻找认证服务器...
2017-02-11 16:59:37 认证失败无法连接认证服务器。
2017-02-11 16:59:40 客户端提示： 网卡连接正常，连接速度:100.0 Mbps
2017-02-11 16:59:40 寻找认证服务器...
2017-02-11 16:59:41 2017-02-11 16:59:41 网线没有连接上，请检查网卡连接
2017-02-11 16:59:43 寻找认证服务器...
2017-02-11 16:59:46 寻找认证服务器...
2017-02-11 16:59:49 认证失败无法连接认证服务器。
2017-02-11 16:59:53 客户端提示： 网卡连接正常，连接速度:100.0 Mbps
2017-02-11 16:59:53 寻找认证服务器...
2017-02-11 16:59:54 2017-02-11 16:59:54 网线没有连接上，请检查网卡连接
2017-02-11 16:59:56 寻找认证服务器...
2017-02-11 16:59:59 寻找认证服务器...
2017-02-11 17:00:02 认证失败无法连接认证服务器。
2017-02-11 17:00:03 客户端提示： 网卡连接正常，连接速度:1000.0 Mbps
2017-02-11 17:00:03 寻找认证服务器...
2017-02-11 17:00:04 2017-02-11 17:00:04 网线没有连接上，请检查网卡连接
2017-02-11 17:00:06 寻找认证服务器...
2017-02-11 17:00:09 寻找认证服务器...
2017-02-11 17:00:12 客户端提示： 网卡连接正常，连接速度:100.0 Mbps
2017-02-11 17:00:12 寻找认证服务器...
2017-02-11 17:00:14 连接认证服务器...
2017-02-11 17:00:14 客户端提示： 服务列表完成更新
2017-02-11 17:00:14 正在进行认证...
2017-02-11 17:00:14 认证失败密码不匹配,请输入正确的密码!
2017-02-11 17:00:34 认证方式  有线认证
2017-02-11 17:00:34 认证网卡  enp7s0f1
2017-02-11 17:00:34 用户名  M201572788
2017-02-11 17:00:34 服务  internet
2017-02-11 17:00:34 寻找认证服务器...
2017-02-11 17:00:35 连接认证服务器...
2017-02-11 17:00:35 正在进行认证...
2017-02-11 17:00:38 寻找认证服务器...
2017-02-11 17:00:38 连接认证服务器...
2017-02-11 17:00:38 正在进行认证...
2017-02-11 17:00:38 认证成功
2017-02-11 17:00:38 管理中心提示： 1.关于对校园网核心设备进行软件升级的通知http://ncc.hust.edu.cn/tz06/938.jhtml
2.关于使用IE8或360浏览器无法打开新版电子邮件首页问题的解决方法 http://ncc.hust.edu.cn/tz07/934.jhtml




您当前使用的服务为internet;
账户余额为20.00元;
计费策略为20元包月;
您当前使用的接入控制为学生动态IP接入控制;
2017-02-12 00:52:14 2017-02-12 00:52:14 网线没有连接上，请检查网卡连接
2017-02-12 00:52:20 客户端提示： 网卡连接正常，连接速度:1000.0 Mbps
2017-02-12 00:52:20 寻找认证服务器...
2017-02-12 00:52:23 2017-02-12 00:52:23 网线没有连接上，请检查网卡连接
2017-02-12 00:52:23 寻找认证服务器...
2017-02-12 00:52:26 寻找认证服务器...
2017-02-12 00:52:29 客户端提示： 网卡连接正常，连接速度:1000.0 Mbps
2017-02-12 00:52:30 寻找认证服务器...
2017-02-12 00:52:32 寻找认证服务器...
2017-02-12 00:52:32 寻找认证服务器...
2017-02-12 00:52:32 连接认证服务器...
2017-02-12 00:52:32 连接认证服务器...
2017-02-12 00:52:32 正在进行认证...
2017-02-12 00:52:32 认证成功
2017-02-12 00:52:32 管理中心提示： 1.关于对校园网核心设备进行软件升级的通知http://ncc.hust.edu.cn/tz06/938.jhtml
2.关于使用IE8或360浏览器无法打开新版电子邮件首页问题的解决方法 http://ncc.hust.edu.cn/tz07/934.jhtml




您当前使用的服务为internet;
账户余额为20.00元;
计费策略为20元包月;
您当前使用的接入控制为学生动态IP接入控制;
2017-02-12 00:55:20 2017-02-12 00:55:20 网线没有连接上，请检查网卡连接
2017-02-12 00:55:32 客户端提示： 网卡连接正常，连接速度:100.0 Mbps
2017-02-12 00:55:32 寻找认证服务器...
2017-02-12 00:55:35 寻找认证服务器...
2017-02-12 00:55:35 连接认证服务器...
2017-02-12 00:55:35 正在进行认证...
2017-02-12 00:55:39 寻找认证服务器...
2017-02-12 00:55:39 连接认证服务器...
2017-02-12 00:55:39 正在进行认证...
2017-02-12 00:55:39 认证成功
2017-02-12 00:55:39 管理中心提示： 1.关于对校园网核心设备进行软件升级的通知http://ncc.hust.edu.cn/tz06/938.jhtml
2.关于使用IE8或360浏览器无法打开新版电子邮件首页问题的解决方法 http://ncc.hust.edu.cn/tz07/934.jhtml




您当前使用的服务为internet;
账户余额为20.00元;
计费策略为20元包月;
您当前使用的接入控制为学生动态IP接入控制;
2017-02-12 17:25:34 2017-02-12 17:25:34 网线没有连接上，请检查网卡连接
2017-02-12 17:25:45 客户端提示： 网卡连接正常，连接速度:100.0 Mbps
2017-02-12 17:25:45 寻找认证服务器...
2017-02-12 17:25:48 寻找认证服务器...
2017-02-12 17:25:48 连接认证服务器...
2017-02-12 17:25:48 正在进行认证...
2017-02-12 17:25:51 寻找认证服务器...
2017-02-12 17:25:51 连接认证服务器...
2017-02-12 17:25:51 正在进行认证...
2017-02-12 17:25:51 认证成功
2017-02-12 17:25:51 管理中心提示： 1.关于对校园网核心设备进行软件升级的通知http://ncc.hust.edu.cn/tz06/938.jhtml
2.关于使用IE8或360浏览器无法打开新版电子邮件首页问题的解决方法 http://ncc.hust.edu.cn/tz07/934.jhtml




您当前使用的服务为internet;
账户余额为20.00元;
计费策略为20元包月;
您当前使用的接入控制为学生动态IP接入控制;
2017-02-12 17:50:15 2017-02-12 17:50:15 网线没有连接上，请检查网卡连接
2017-02-12 17:50:24 客户端提示： 网卡连接正常，连接速度:1000.0 Mbps
2017-02-12 17:50:24 寻找认证服务器...
2017-02-12 17:50:24 连接认证服务器...
2017-02-12 17:50:24 正在进行认证...
2017-02-12 17:50:28 寻找认证服务器...
2017-02-12 17:50:28 连接认证服务器...
2017-02-12 17:50:28 正在进行认证...
2017-02-12 17:50:28 认证成功
2017-02-12 17:50:28 管理中心提示： 1.关于对校园网核心设备进行软件升级的通知http://ncc.hust.edu.cn/tz06/938.jhtml
2.关于使用IE8或360浏览器无法打开新版电子邮件首页问题的解决方法 http://ncc.hust.edu.cn/tz07/934.jhtml




您当前使用的服务为internet;
账户余额为20.00元;
计费策略为20元包月;
您当前使用的接入控制为学生动态IP接入控制;
2017-02-12 18:24:47 2017-02-12 18:24:47 网线没有连接上，请检查网卡连接
2017-02-12 18:24:50 客户端提示： 网卡连接正常，连接速度:1000.0 Mbps
2017-02-12 18:24:50 寻找认证服务器...
2017-02-12 18:24:53 寻找认证服务器...
2017-02-12 18:24:53 连接认证服务器...
2017-02-12 18:24:53 正在进行认证...
2017-02-12 18:24:56 寻找认证服务器...
2017-02-12 18:24:56 连接认证服务器...
2017-02-12 18:24:56 正在进行认证...
2017-02-12 18:24:57 认证成功
2017-02-12 18:24:57 管理中心提示： 1.关于对校园网核心设备进行软件升级的通知http://ncc.hust.edu.cn/tz06/938.jhtml
2.关于使用IE8或360浏览器无法打开新版电子邮件首页问题的解决方法 http://ncc.hust.edu.cn/tz07/934.jhtml




您当前使用的服务为internet;
账户余额为20.00元;
计费策略为20元包月;
您当前使用的接入控制为学生动态IP接入控制;
2017-02-12 18:30:16 2017-02-12 18:30:16 网线没有连接上，请检查网卡连接
2017-02-12 18:30:25 客户端提示： 网卡连接正常，连接速度:1000.0 Mbps
2017-02-12 18:30:25 寻找认证服务器...
2017-02-12 18:30:28 寻找认证服务器...
2017-02-12 18:30:28 连接认证服务器...
2017-02-12 18:30:28 正在进行认证...
2017-02-12 18:30:31 寻找认证服务器...
2017-02-12 18:30:31 连接认证服务器...
2017-02-12 18:30:31 正在进行认证...
2017-02-12 18:30:31 认证成功
2017-02-12 18:30:31 管理中心提示： 1.关于对校园网核心设备进行软件升级的通知http://ncc.hust.edu.cn/tz06/938.jhtml
2.关于使用IE8或360浏览器无法打开新版电子邮件首页问题的解决方法 http://ncc.hust.edu.cn/tz07/934.jhtml




您当前使用的服务为internet;
账户余额为20.00元;
计费策略为20元包月;
您当前使用的接入控制为学生动态IP接入控制;
2017-02-12 18:36:06 2017-02-12 18:36:06 网线没有连接上，请检查网卡连接
2017-02-12 18:36:17 客户端提示： 网卡连接正常，连接速度:100.0 Mbps
2017-02-12 18:36:17 寻找认证服务器...
2017-02-12 18:36:17 连接认证服务器...
2017-02-12 18:36:17 正在进行认证...
2017-02-12 18:36:20 寻找认证服务器...
2017-02-12 18:36:20 连接认证服务器...
2017-02-12 18:36:20 正在进行认证...
2017-02-12 18:36:20 认证成功
2017-02-12 18:36:20 管理中心提示： 1.关于对校园网核心设备进行软件升级的通知http://ncc.hust.edu.cn/tz06/938.jhtml
2.关于使用IE8或360浏览器无法打开新版电子邮件首页问题的解决方法 http://ncc.hust.edu.cn/tz07/934.jhtml




您当前使用的服务为internet;
账户余额为20.00元;
计费策略为20元包月;
您当前使用的接入控制为学生动态IP接入控制;
2017-02-12 21:26:10 2017-02-12 21:26:10 网线没有连接上，请检查网卡连接
2017-02-12 21:26:17 客户端提示： 网卡连接正常，连接速度:1000.0 Mbps
2017-02-12 21:26:17 寻找认证服务器...
2017-02-12 21:26:20 寻找认证服务器...
2017-02-12 21:26:20 连接认证服务器...
2017-02-12 21:26:20 正在进行认证...
2017-02-12 21:26:23 寻找认证服务器...
2017-02-12 21:26:23 连接认证服务器...
2017-02-12 21:26:23 正在进行认证...
2017-02-12 21:26:23 认证成功
2017-02-12 21:26:23 管理中心提示： 1.关于对校园网核心设备进行软件升级的通知http://ncc.hust.edu.cn/tz06/938.jhtml
2.关于使用IE8或360浏览器无法打开新版电子邮件首页问题的解决方法 http://ncc.hust.edu.cn/tz07/934.jhtml




您当前使用的服务为internet;
账户余额为20.00元;
计费策略为20元包月;
您当前使用的接入控制为学生动态IP接入控制;
2017-02-12 21:26:53 2017-02-12 21:26:53 网线没有连接上，请检查网卡连接
2017-02-12 21:28:15 客户端提示： 网卡连接正常，连接速度:1000.0 Mbps
2017-02-12 21:28:15 寻找认证服务器...
2017-02-12 21:28:16 2017-02-12 21:28:16 网线没有连接上，请检查网卡连接
2017-02-12 21:28:18 寻找认证服务器...
2017-02-12 21:28:21 寻找认证服务器...
2017-02-12 21:28:22 客户端提示： 网卡连接正常，连接速度:1000.0 Mbps
2017-02-12 21:28:22 寻找认证服务器...
2017-02-12 21:28:22 连接认证服务器...
2017-02-12 21:28:22 正在进行认证...
2017-02-12 21:28:25 寻找认证服务器...
2017-02-12 21:28:25 连接认证服务器...
2017-02-12 21:28:25 正在进行认证...
2017-02-12 21:28:25 认证成功
2017-02-12 21:28:25 管理中心提示： 1.关于对校园网核心设备进行软件升级的通知http://ncc.hust.edu.cn/tz06/938.jhtml
2.关于使用IE8或360浏览器无法打开新版电子邮件首页问题的解决方法 http://ncc.hust.edu.cn/tz07/934.jhtml




您当前使用的服务为internet;
账户余额为20.00元;
计费策略为20元包月;
您当前使用的接入控制为学生动态IP接入控制;
2017-02-12 21:40:47 2017-02-12 21:40:47 网线没有连接上，请检查网卡连接
2017-02-12 21:41:00 客户端提示： 网卡连接正常，连接速度:100.0 Mbps
2017-02-12 21:41:00 寻找认证服务器...
2017-02-12 21:41:03 寻找认证服务器...
2017-02-12 21:41:03 连接认证服务器...
2017-02-12 21:41:03 正在进行认证...
2017-02-12 21:41:06 寻找认证服务器...
2017-02-12 21:41:06 连接认证服务器...
2017-02-12 21:41:06 正在进行认证...
2017-02-12 21:41:06 认证成功
2017-02-12 21:41:06 管理中心提示： 1.关于对校园网核心设备进行软件升级的通知http://ncc.hust.edu.cn/tz06/938.jhtml
2.关于使用IE8或360浏览器无法打开新版电子邮件首页问题的解决方法 http://ncc.hust.edu.cn/tz07/934.jhtml




您当前使用的服务为internet;
账户余额为20.00元;
计费策略为20元包月;
您当前使用的接入控制为学生动态IP接入控制;
2017-02-12 21:42:44 2017-02-12 21:42:44 网线没有连接上，请检查网卡连接
2017-02-12 21:43:24 客户端提示： 网卡连接正常，连接速度:10.0 Mbps
2017-02-12 21:43:24 寻找认证服务器...
2017-02-12 21:43:25 2017-02-12 21:43:25 网线没有连接上，请检查网卡连接
2017-02-12 21:43:27 寻找认证服务器...
2017-02-12 21:43:30 寻找认证服务器...
2017-02-12 21:43:33 认证失败无法连接认证服务器。
2017-02-12 21:43:36 客户端提示： 网卡连接正常，连接速度:100.0 Mbps
2017-02-12 21:43:36 寻找认证服务器...
2017-02-12 21:43:39 寻找认证服务器...
2017-02-12 21:43:39 连接认证服务器...
2017-02-12 21:43:39 正在进行认证...
2017-02-12 21:43:42 寻找认证服务器...
2017-02-12 21:43:42 连接认证服务器...
2017-02-12 21:43:42 正在进行认证...
2017-02-12 21:43:42 认证成功
2017-02-12 21:43:42 管理中心提示： 1.关于对校园网核心设备进行软件升级的通知http://ncc.hust.edu.cn/tz06/938.jhtml
2.关于使用IE8或360浏览器无法打开新版电子邮件首页问题的解决方法 http://ncc.hust.edu.cn/tz07/934.jhtml




您当前使用的服务为internet;
账户余额为20.00元;
计费策略为20元包月;
您当前使用的接入控制为学生动态IP接入控制;
2017-02-12 23:51:01 退出客户端成功
2017-03-05 20:24:12 认证方式  有线认证
2017-03-05 20:24:12 认证网卡  enp7s0f1
2017-03-05 20:24:12 用户名  M201572788
2017-03-05 20:24:12 服务  internet
2017-03-05 20:24:12 寻找认证服务器...
2017-03-05 20:24:12 连接认证服务器...
2017-03-05 20:24:12 正在进行认证...
2017-03-05 20:24:12 认证失败密码不匹配,请输入正确的密码!
2017-03-05 20:24:34 认证方式  有线认证
2017-03-05 20:24:34 认证网卡  enp7s0f1
2017-03-05 20:24:34 用户名  M201572788
2017-03-05 20:24:34 服务  internet
2017-03-05 20:24:34 寻找认证服务器...
2017-03-05 20:24:34 连接认证服务器...
2017-03-05 20:24:34 正在进行认证...
2017-03-05 20:24:37 寻找认证服务器...
2017-03-05 20:24:37 连接认证服务器...
2017-03-05 20:24:37 正在进行认证...
2017-03-05 20:24:37 认证成功
2017-03-05 20:24:37 管理中心提示： 1.研究生科学技术协会招新http://t.cn/Riz8sPh




您当前使用的服务为internet;
账户余额为20.00元;
计费策略为20元包月;
您当前使用的接入控制为学生动态IP接入控制;
2017-03-05 20:25:04 2017-03-05 20:25:04 网线没有连接上，请检查网卡连接
2017-03-05 20:25:10 客户端提示： 网卡连接正常，连接速度:100.0 Mbps
2017-03-05 20:25:10 寻找认证服务器...
2017-03-05 20:25:13 寻找认证服务器...
2017-03-05 20:25:13 连接认证服务器...
2017-03-05 20:25:13 正在进行认证...
2017-03-05 20:25:16 寻找认证服务器...
2017-03-05 20:25:16 连接认证服务器...
2017-03-05 20:25:16 正在进行认证...
2017-03-05 20:25:16 认证成功
2017-03-05 20:25:16 管理中心提示： 1.研究生科学技术协会招新http://t.cn/Riz8sPh




您当前使用的服务为internet;
账户余额为20.00元;
计费策略为20元包月;
您当前使用的接入控制为学生动态IP接入控制;
2017-03-05 21:03:16 2017-03-05 21:03:16 网线没有连接上，请检查网卡连接
2017-03-05 21:06:29 退出客户端成功
2017-03-05 21:06:42 认证方式  有线认证
2017-03-05 21:06:42 认证网卡  enp7s0f1
2017-03-05 21:06:42 用户名  M201572788
2017-03-05 21:06:42 服务  internet
2017-03-05 21:06:43 寻找认证服务器...
2017-03-05 21:06:43 连接认证服务器...
2017-03-05 21:06:43 正在进行认证...
2017-03-05 21:06:43 认证失败密码不匹配,请输入正确的密码!
2017-03-05 21:07:18 认证方式  有线认证
2017-03-05 21:07:18 认证网卡  enp7s0f1
2017-03-05 21:07:18 用户名  M201572788
2017-03-05 21:07:18 服务  internet
2017-03-05 21:07:18 寻找认证服务器...
2017-03-05 21:07:18 连接认证服务器...
2017-03-05 21:07:18 正在进行认证...
2017-03-05 21:07:21 寻找认证服务器...
2017-03-05 21:07:21 连接认证服务器...
2017-03-05 21:07:21 正在进行认证...
2017-03-05 21:07:21 认证成功
2017-03-05 21:07:21 管理中心提示： 1.研究生科学技术协会招新http://t.cn/Riz8sPh




您当前使用的服务为internet;
账户余额为20.00元;
计费策略为20元包月;
您当前使用的接入控制为学生动态IP接入控制;
2017-03-05 22:21:59 2017-03-05 22:21:59 网线没有连接上，请检查网卡连接
2017-03-05 22:22:09 客户端提示： 网卡连接正常，连接速度:100.0 Mbps
2017-03-05 22:22:09 寻找认证服务器...
2017-03-05 22:22:12 寻找认证服务器...
2017-03-05 22:22:12 连接认证服务器...
2017-03-05 22:22:12 正在进行认证...
2017-03-05 22:22:15 寻找认证服务器...
2017-03-05 22:22:15 连接认证服务器...
2017-03-05 22:22:15 正在进行认证...
2017-03-05 22:22:15 认证成功
2017-03-05 22:22:15 管理中心提示： 1.研究生科学技术协会招新http://t.cn/Riz8sPh




您当前使用的服务为internet;
账户余额为20.00元;
计费策略为20元包月;
您当前使用的接入控制为学生动态IP接入控制;
2017-03-05 22:23:15 寻找认证服务器...
2017-03-05 22:23:15 连接认证服务器...
2017-03-05 22:23:15 正在进行认证...
2017-03-05 22:24:00 2017-03-05 22:24:00 无法获取动态IP地址
2017-03-05 22:24:18 认证方式  有线认证
2017-03-05 22:24:18 认证网卡  enp7s0f1
2017-03-05 22:24:18 用户名  M201572788
2017-03-05 22:24:18 服务  internet
2017-03-05 22:24:18 寻找认证服务器...
2017-03-05 22:24:18 连接认证服务器...
2017-03-05 22:24:18 正在进行认证...
2017-03-05 22:24:54 2017-03-05 22:24:54 网线没有连接上，请检查网卡连接
2017-03-05 22:25:06 退出客户端成功
2017-03-05 22:25:09 认证方式  有线认证
2017-03-05 22:25:09 认证网卡  enp7s0f1
2017-03-05 22:25:09 用户名  M201572788
2017-03-05 22:25:09 服务  internet
2017-03-05 22:25:09 寻找认证服务器...
2017-03-05 22:25:09 连接认证服务器...
2017-03-05 22:25:09 正在进行认证...
2017-03-05 22:25:12 寻找认证服务器...
2017-03-05 22:25:12 连接认证服务器...
2017-03-05 22:25:12 正在进行认证...
2017-03-05 22:25:12 认证成功
2017-03-05 22:25:12 管理中心提示： 1.研究生科学技术协会招新http://t.cn/Riz8sPh




您当前使用的服务为internet;
账户余额为20.00元;
计费策略为20元包月;
您当前使用的接入控制为学生动态IP接入控制;
2017-03-05 22:55:51 2017-03-05 22:55:51 网线没有连接上，请检查网卡连接
2017-03-05 22:56:16 客户端提示： 网卡连接正常，连接速度:10.0 Mbps
2017-03-05 22:56:16 寻找认证服务器...
2017-03-05 22:56:19 寻找认证服务器...
2017-03-05 22:56:22 寻找认证服务器...
2017-03-05 22:56:25 认证失败无法连接认证服务器。
2017-03-05 22:58:30 2017-03-05 22:58:30 网线没有连接上，请检查网卡连接
2017-03-05 22:58:42 客户端提示： 网卡连接正常，连接速度:100.0 Mbps
2017-03-05 22:58:42 寻找认证服务器...
2017-03-05 22:58:45 寻找认证服务器...
2017-03-05 22:58:45 连接认证服务器...
2017-03-05 22:58:46 正在进行认证...
2017-03-05 22:58:49 寻找认证服务器...
2017-03-05 22:58:49 连接认证服务器...
2017-03-05 22:58:49 正在进行认证...
2017-03-05 22:58:49 认证成功
2017-03-05 22:58:49 管理中心提示： 1.研究生科学技术协会招新http://t.cn/Riz8sPh




您当前使用的服务为internet;
账户余额为20.00元;
计费策略为20元包月;
您当前使用的接入控制为学生动态IP接入控制;
2017-03-05 23:00:15 2017-03-05 23:00:15 网线没有连接上，请检查网卡连接
2017-03-05 23:00:48 退出客户端成功
2017-03-05 23:00:53 认证方式  有线认证
2017-03-05 23:00:53 认证网卡  enp7s0f1
2017-03-05 23:00:53 用户名  M201572788
2017-03-05 23:00:53 服务  internet
2017-03-05 23:00:54 寻找认证服务器...
2017-03-05 23:00:55 2017-03-05 23:00:55 网线没有连接上，请检查网卡连接
2017-03-05 23:00:57 寻找认证服务器...
2017-03-05 23:01:00 寻找认证服务器...
2017-03-05 23:01:03 认证失败无法连接认证服务器。
2017-03-05 23:01:42 退出客户端成功
2017-03-05 23:01:44 认证方式  有线认证
2017-03-05 23:01:44 认证网卡  enp7s0f1
2017-03-05 23:01:44 用户名  M201572788
2017-03-05 23:01:44 服务  internet
2017-03-05 23:01:45 寻找认证服务器...
2017-03-05 23:01:45 连接认证服务器...
2017-03-05 23:01:45 正在进行认证...
2017-03-05 23:01:48 寻找认证服务器...
2017-03-05 23:01:48 连接认证服务器...
2017-03-05 23:01:48 正在进行认证...
2017-03-05 23:01:48 认证成功
2017-03-05 23:01:48 管理中心提示： 1.研究生科学技术协会招新http://t.cn/Riz8sPh




您当前使用的服务为internet;
账户余额为20.00元;
计费策略为20元包月;
您当前使用的接入控制为学生动态IP接入控制;
2017-03-05 23:31:17 管理中心提示： 您的账号在其他设备认证成功，您被强制下线!
2017-03-05 23:31:17 认证失败
2017-03-05 23:31:17 客户端提示： 您已被强制下线。

2017-03-05 23:31:17 您已被强制下线。
2017-03-05 23:31:17 退出客户端成功
2017-03-19 15:46:12 认证方式  有线认证
2017-03-19 15:46:12 认证网卡  enp7s0f1
2017-03-19 15:46:12 用户名  M201572788
2017-03-19 15:46:12 服务  internet
2017-03-19 15:46:12 寻找认证服务器...
2017-03-19 15:46:12 连接认证服务器...
2017-03-19 15:46:13 正在进行认证...
2017-03-19 15:46:13 认证失败密码不匹配,请输入正确的密码!
2017-03-19 15:46:30 认证方式  有线认证
2017-03-19 15:46:30 认证网卡  enp7s0f1
2017-03-19 15:46:30 用户名  M201572788
2017-03-19 15:46:30 服务  internet
2017-03-19 15:46:31 寻找认证服务器...
2017-03-19 15:46:31 连接认证服务器...
2017-03-19 15:46:31 正在进行认证...
2017-03-19 15:46:34 寻找认证服务器...
2017-03-19 15:46:34 连接认证服务器...
2017-03-19 15:46:34 正在进行认证...
2017-03-19 15:46:34 认证成功
2017-03-19 15:46:34 管理中心提示： 1.华中大职业发展研究会春招http://t.cn/RigxPhm





您当前使用的服务为internet;
账户余额为0.00元;
计费策略为20元包月;
您当前使用的接入控制为学生动态IP接入控制;
2017-03-19 15:46:58 2017-03-19 15:46:58 网线没有连接上，请检查网卡连接
2017-03-19 15:47:01 客户端提示： 网卡连接正常，连接速度:1000.0 Mbps
2017-03-19 15:47:01 寻找认证服务器...
2017-03-19 15:47:01 连接认证服务器...
2017-03-19 15:47:01 正在进行认证...
2017-03-19 15:47:04 寻找认证服务器...
2017-03-19 15:47:04 连接认证服务器...
2017-03-19 15:47:04 正在进行认证...
2017-03-19 15:47:04 认证成功
2017-03-19 15:47:04 管理中心提示： 1.华中大职业发展研究会春招http://t.cn/RigxPhm





您当前使用的服务为internet;
账户余额为0.00元;
计费策略为20元包月;
您当前使用的接入控制为学生动态IP接入控制;
2017-03-19 18:51:17 2017-03-19 18:51:17 网线没有连接上，请检查网卡连接
2017-03-19 18:51:20 客户端提示： 网卡连接正常，连接速度:1000.0 Mbps
2017-03-19 18:51:20 寻找认证服务器...
2017-03-19 18:51:23 寻找认证服务器...
2017-03-19 18:51:23 连接认证服务器...
2017-03-19 18:51:23 正在进行认证...
2017-03-19 18:51:26 寻找认证服务器...
2017-03-19 18:51:26 连接认证服务器...
2017-03-19 18:51:26 正在进行认证...
2017-03-19 18:51:26 认证成功
2017-03-19 18:51:26 管理中心提示： 1.华中大职业发展研究会春招http://t.cn/RigxPhm





您当前使用的服务为internet;
账户余额为0.00元;
计费策略为20元包月;
您当前使用的接入控制为学生动态IP接入控制;
2017-03-19 20:48:56 2017-03-19 20:48:56 网线没有连接上，请检查网卡连接
2017-03-19 20:49:08 客户端提示： 网卡连接正常，连接速度:100.0 Mbps
2017-03-19 20:49:08 寻找认证服务器...
2017-03-19 20:49:11 寻找认证服务器...
2017-03-19 20:49:11 连接认证服务器...
2017-03-19 20:49:11 正在进行认证...
2017-03-19 20:49:14 寻找认证服务器...
2017-03-19 20:49:14 连接认证服务器...
2017-03-19 20:49:14 正在进行认证...
2017-03-19 20:49:14 认证成功
2017-03-19 20:49:14 管理中心提示： 1.华中大职业发展研究会春招http://t.cn/RigxPhm





您当前使用的服务为internet;
账户余额为0.00元;
计费策略为20元包月;
您当前使用的接入控制为学生动态IP接入控制;
2017-03-19 21:01:00 2017-03-19 21:01:00 网线没有连接上，请检查网卡连接
2017-03-19 21:01:48 退出客户端成功
2017-03-19 21:02:04 认证方式  有线认证
2017-03-19 21:02:04 认证网卡  enp7s0f1
2017-03-19 21:02:04 用户名  M201572788
2017-03-19 21:02:04 服务  internet
2017-03-19 21:02:04 寻找认证服务器...
2017-03-19 21:02:05 2017-03-19 21:02:05 网线没有连接上，请检查网卡连接
2017-03-19 21:02:07 寻找认证服务器...
2017-03-19 21:02:10 寻找认证服务器...
2017-03-19 21:02:13 认证失败无法连接认证服务器。
2017-03-19 21:02:37 退出客户端成功
2017-03-19 21:02:41 认证方式  有线认证
2017-03-19 21:02:41 认证网卡  enp7s0f1
2017-03-19 21:02:41 用户名  M201572788
2017-03-19 21:02:41 服务  internet
2017-03-19 21:02:41 寻找认证服务器...
2017-03-19 21:02:42 2017-03-19 21:02:42 网线没有连接上，请检查网卡连接
2017-03-19 21:02:44 寻找认证服务器...
2017-03-19 21:02:47 寻找认证服务器...
2017-03-19 21:02:50 认证失败无法连接认证服务器。
2017-03-19 21:03:41 客户端提示： 网卡连接正常，连接速度:1000.0 Mbps
2017-03-19 21:03:41 寻找认证服务器...
2017-03-19 21:03:44 寻找认证服务器...
2017-03-19 21:03:44 连接认证服务器...
2017-03-19 21:03:44 正在进行认证...
2017-03-19 21:03:44 认证失败密码不匹配,请输入正确的密码!
2017-03-19 21:04:12 认证方式  有线认证
2017-03-19 21:04:12 认证网卡  enp7s0f1
2017-03-19 21:04:12 用户名  M201572788
2017-03-19 21:04:12 服务  internet
2017-03-19 21:04:12 寻找认证服务器...
2017-03-19 21:04:12 连接认证服务器...
2017-03-19 21:04:12 正在进行认证...
2017-03-19 21:04:15 寻找认证服务器...
2017-03-19 21:04:15 连接认证服务器...
2017-03-19 21:04:15 正在进行认证...
2017-03-19 21:04:15 认证成功
2017-03-19 21:04:16 管理中心提示： 1.华中大职业发展研究会春招http://t.cn/RigxPhm





您当前使用的服务为internet;
账户余额为0.00元;
计费策略为20元包月;
您当前使用的接入控制为学生动态IP接入控制;
2017-03-19 21:21:02 2017-03-19 21:21:02 网线没有连接上，请检查网卡连接
2017-03-19 21:21:05 客户端提示： 网卡连接正常，连接速度:1000.0 Mbps
2017-03-19 21:21:05 寻找认证服务器...
2017-03-19 21:21:08 寻找认证服务器...
2017-03-19 21:21:08 连接认证服务器...
2017-03-19 21:21:08 正在进行认证...
2017-03-19 21:21:11 寻找认证服务器...
2017-03-19 21:21:11 连接认证服务器...
2017-03-19 21:21:11 正在进行认证...
2017-03-19 21:21:11 认证成功
2017-03-19 21:21:11 管理中心提示： 1.华中大职业发展研究会春招http://t.cn/RigxPhm





您当前使用的服务为internet;
账户余额为0.00元;
计费策略为20元包月;
您当前使用的接入控制为学生动态IP接入控制;
2017-03-19 21:34:14 2017-03-19 21:34:14 网线没有连接上，请检查网卡连接
2017-03-19 21:34:20 客户端提示： 网卡连接正常，连接速度:1000.0 Mbps
2017-03-19 21:34:20 寻找认证服务器...
2017-03-19 21:34:23 寻找认证服务器...
2017-03-19 21:34:23 连接认证服务器...
2017-03-19 21:34:23 正在进行认证...
2017-03-19 21:34:26 寻找认证服务器...
2017-03-19 21:34:26 连接认证服务器...
2017-03-19 21:34:26 正在进行认证...
2017-03-19 21:34:27 认证成功
2017-03-19 21:34:27 管理中心提示： 1.华中大职业发展研究会春招http://t.cn/RigxPhm





您当前使用的服务为internet;
账户余额为0.00元;
计费策略为20元包月;
您当前使用的接入控制为学生动态IP接入控制;
2017-03-19 21:45:11 2017-03-19 21:45:11 网线没有连接上，请检查网卡连接
2017-03-19 21:45:23 客户端提示： 网卡连接正常，连接速度:100.0 Mbps
2017-03-19 21:45:23 寻找认证服务器...
2017-03-19 21:45:26 寻找认证服务器...
2017-03-19 21:45:26 连接认证服务器...
2017-03-19 21:45:26 正在进行认证...
2017-03-19 21:45:29 寻找认证服务器...
2017-03-19 21:45:29 连接认证服务器...
2017-03-19 21:45:29 正在进行认证...
2017-03-19 21:45:29 认证成功
2017-03-19 21:45:29 管理中心提示： 1.华中大职业发展研究会春招http://t.cn/RigxPhm





您当前使用的服务为internet;
账户余额为0.00元;
计费策略为20元包月;
您当前使用的接入控制为学生动态IP接入控制;
2017-03-19 21:59:36 2017-03-19 21:59:36 网线没有连接上，请检查网卡连接
2017-03-19 21:59:38 客户端提示： 网卡连接正常，连接速度:10.0 Mbps
2017-03-19 21:59:38 寻找认证服务器...
2017-03-19 21:59:42 寻找认证服务器...
2017-03-19 21:59:44 寻找认证服务器...
2017-03-19 21:59:47 认证失败无法连接认证服务器。
2017-03-19 22:01:36 2017-03-19 22:01:36 网线没有连接上，请检查网卡连接
2017-03-19 22:01:49 客户端提示： 网卡连接正常，连接速度:100.0 Mbps
2017-03-19 22:01:49 寻找认证服务器...
2017-03-19 22:01:52 寻找认证服务器...
2017-03-19 22:01:52 连接认证服务器...
2017-03-19 22:01:53 正在进行认证...
2017-03-19 22:01:56 寻找认证服务器...
2017-03-19 22:01:56 连接认证服务器...
2017-03-19 22:01:56 正在进行认证...
2017-03-19 22:01:56 认证成功
2017-03-19 22:01:56 管理中心提示： 1.华中大职业发展研究会春招http://t.cn/RigxPhm





您当前使用的服务为internet;
账户余额为0.00元;
计费策略为20元包月;
您当前使用的接入控制为学生动态IP接入控制;
2017-03-19 22:03:09 2017-03-19 22:03:09 网线没有连接上，请检查网卡连接
2017-03-19 22:03:22 客户端提示： 网卡连接正常，连接速度:100.0 Mbps
2017-03-19 22:03:22 寻找认证服务器...
2017-03-19 22:03:25 寻找认证服务器...
2017-03-19 22:03:25 连接认证服务器...
2017-03-19 22:03:25 正在进行认证...
2017-03-19 22:03:28 寻找认证服务器...
2017-03-19 22:03:28 连接认证服务器...
2017-03-19 22:03:28 正在进行认证...
2017-03-19 22:03:28 认证成功
2017-03-19 22:03:28 管理中心提示： 1.华中大职业发展研究会春招http://t.cn/RigxPhm





您当前使用的服务为internet;
账户余额为0.00元;
计费策略为20元包月;
您当前使用的接入控制为学生动态IP接入控制;
2017-03-19 22:31:48 2017-03-19 22:31:48 网线没有连接上，请检查网卡连接
2017-03-19 22:31:54 客户端提示： 网卡连接正常，连接速度:100.0 Mbps
2017-03-19 22:31:54 寻找认证服务器...
2017-03-19 22:31:54 连接认证服务器...
2017-03-19 22:31:54 正在进行认证...
2017-03-19 22:31:58 寻找认证服务器...
2017-03-19 22:31:58 连接认证服务器...
2017-03-19 22:31:58 正在进行认证...
2017-03-19 22:31:58 认证成功
2017-03-19 22:31:58 管理中心提示： 1.华中大职业发展研究会春招http://t.cn/RigxPhm





您当前使用的服务为internet;
账户余额为0.00元;
计费策略为20元包月;
您当前使用的接入控制为学生动态IP接入控制;
2017-03-19 22:47:28 2017-03-19 22:47:28 网线没有连接上，请检查网卡连接
2017-03-19 22:47:48 客户端提示： 网卡连接正常，连接速度:10.0 Mbps
2017-03-19 22:47:48 寻找认证服务器...
2017-03-19 22:47:49 2017-03-19 22:47:49 网线没有连接上，请检查网卡连接
2017-03-19 22:47:51 寻找认证服务器...
2017-03-19 22:47:54 寻找认证服务器...
2017-03-19 22:47:57 认证失败无法连接认证服务器。
2017-03-19 22:48:01 客户端提示： 网卡连接正常，连接速度:100.0 Mbps
2017-03-19 22:48:01 寻找认证服务器...
2017-03-19 22:48:04 寻找认证服务器...
2017-03-19 22:48:04 连接认证服务器...
2017-03-19 22:48:04 正在进行认证...
2017-03-19 22:48:07 寻找认证服务器...
2017-03-19 22:48:07 连接认证服务器...
2017-03-19 22:48:07 正在进行认证...
2017-03-19 22:48:07 认证成功
2017-03-19 22:48:07 管理中心提示： 1.华中大职业发展研究会春招http://t.cn/RigxPhm





您当前使用的服务为internet;
账户余额为0.00元;
计费策略为20元包月;
您当前使用的接入控制为学生动态IP接入控制;
2017-03-19 22:48:35 2017-03-19 22:48:35 网线没有连接上，请检查网卡连接
2017-03-19 22:48:48 客户端提示： 网卡连接正常，连接速度:100.0 Mbps
2017-03-19 22:48:48 寻找认证服务器...
2017-03-19 22:48:48 连接认证服务器...
2017-03-19 22:48:48 正在进行认证...
2017-03-19 22:48:52 寻找认证服务器...
2017-03-19 22:48:52 连接认证服务器...
2017-03-19 22:48:52 正在进行认证...
2017-03-19 22:48:52 认证成功
2017-03-19 22:48:52 管理中心提示： 1.华中大职业发展研究会春招http://t.cn/RigxPhm





您当前使用的服务为internet;
账户余额为0.00元;
计费策略为20元包月;
您当前使用的接入控制为学生动态IP接入控制;
2017-03-19 23:26:03 2017-03-19 23:26:03 网线没有连接上，请检查网卡连接
2017-03-19 23:26:16 客户端提示： 网卡连接正常，连接速度:100.0 Mbps
2017-03-19 23:26:16 寻找认证服务器...
2017-03-19 23:26:16 连接认证服务器...
2017-03-19 23:26:16 正在进行认证...
2017-03-19 23:26:19 寻找认证服务器...
2017-03-19 23:26:19 连接认证服务器...
2017-03-19 23:26:19 正在进行认证...
2017-03-19 23:26:19 认证成功
2017-03-19 23:26:19 管理中心提示： 1.华中大职业发展研究会春招http://t.cn/RigxPhm





您当前使用的服务为internet;
账户余额为0.00元;
计费策略为20元包月;
您当前使用的接入控制为学生动态IP接入控制;
2017-03-19 23:27:43 管理中心提示： 您的账号在其他设备认证成功，您被强制下线!
2017-03-19 23:27:43 认证失败
2017-03-19 23:27:43 客户端提示： 您已被强制下线。

2017-03-19 23:27:43 您已被强制下线。
2017-03-19 23:27:43 退出客户端成功
2017-03-26 11:53:04 认证方式  有线认证
2017-03-26 11:53:04 认证网卡  enp7s0f1
2017-03-26 11:53:04 用户名  M201572788
2017-03-26 11:53:04 服务  internet
2017-03-26 11:53:05 寻找认证服务器...
2017-03-26 11:53:05 连接认证服务器...
2017-03-26 11:53:05 正在进行认证...
2017-03-26 11:53:05 认证失败密码不匹配,请输入正确的密码!
2017-03-26 11:55:23 认证方式  有线认证
2017-03-26 11:55:23 认证网卡  enp7s0f1
2017-03-26 11:55:23 用户名  M201572788
2017-03-26 11:55:23 服务  internet
2017-03-26 11:55:23 寻找认证服务器...
2017-03-26 11:55:23 连接认证服务器...
2017-03-26 11:55:23 正在进行认证...
2017-03-26 11:55:26 寻找认证服务器...
2017-03-26 11:55:26 连接认证服务器...
2017-03-26 11:55:26 正在进行认证...
2017-03-26 11:55:27 认证成功
2017-03-26 11:55:27 管理中心提示： 1.华科博世俱乐部核心成员招募http://t.cn/R6cJRTy
2.斯坦福、伯克利海外学习项目宣讲会http://t.cn/R65wJwz
3..第七届“职场明日之星”挑战赛http://t.cn/Rie3K9R






您当前使用的服务为internet;
账户余额为0.00元;
计费策略为20元包月;
您当前使用的接入控制为学生动态IP接入控制;
2017-03-26 13:04:54 2017-03-26 13:04:54 网线没有连接上，请检查网卡连接
2017-03-26 13:05:07 客户端提示： 网卡连接正常，连接速度:100.0 Mbps
2017-03-26 13:05:07 寻找认证服务器...
2017-03-26 13:05:10 寻找认证服务器...
2017-03-26 13:05:10 连接认证服务器...
2017-03-26 13:05:10 正在进行认证...
2017-03-26 13:05:13 寻找认证服务器...
2017-03-26 13:05:13 连接认证服务器...
2017-03-26 13:05:13 正在进行认证...
2017-03-26 13:05:13 认证成功
2017-03-26 13:05:13 管理中心提示： 1.华科博世俱乐部核心成员招募http://t.cn/R6cJRTy
2.斯坦福、伯克利海外学习项目宣讲会http://t.cn/R65wJwz
3..第七届“职场明日之星”挑战赛http://t.cn/Rie3K9R






您当前使用的服务为internet;
账户余额为0.00元;
计费策略为20元包月;
您当前使用的接入控制为学生动态IP接入控制;
2017-03-26 13:52:13 寻找认证服务器...
2017-03-26 13:52:13 连接认证服务器...
2017-03-26 13:52:13 正在进行认证...
2017-03-26 13:52:58 2017-03-26 13:52:58 无法获取动态IP地址
2017-03-26 15:20:23 认证方式  有线认证
2017-03-26 15:20:23 认证网卡  enp7s0f1
2017-03-26 15:20:23 用户名  M201572788
2017-03-26 15:20:23 服务  internet
2017-03-26 15:20:23 寻找认证服务器...
2017-03-26 15:20:23 连接认证服务器...
2017-03-26 15:20:23 正在进行认证...
2017-03-26 15:20:36 2017-03-26 15:20:36 网线没有连接上，请检查网卡连接
2017-03-26 15:20:49 客户端提示： 网卡连接正常，连接速度:100.0 Mbps
2017-03-26 15:20:49 寻找认证服务器...
2017-03-26 15:20:52 寻找认证服务器...
2017-03-26 15:20:52 连接认证服务器...
2017-03-26 15:20:52 正在进行认证...
2017-03-26 15:21:17 寻找认证服务器...
2017-03-26 15:21:17 连接认证服务器...
2017-03-26 15:21:17 正在进行认证...
2017-03-26 15:21:17 认证成功
2017-03-26 15:21:17 管理中心提示： 1.华科博世俱乐部核心成员招募http://t.cn/R6cJRTy
2.斯坦福、伯克利海外学习项目宣讲会http://t.cn/R65wJwz
3..第七届“职场明日之星”挑战赛http://t.cn/Rie3K9R






您当前使用的服务为internet;
账户余额为0.00元;
计费策略为20元包月;
您当前使用的接入控制为学生动态IP接入控制;
2017-03-26 15:29:00 2017-03-26 15:29:00 网线没有连接上，请检查网卡连接
2017-03-26 15:29:12 客户端提示： 网卡连接正常，连接速度:100.0 Mbps
2017-03-26 15:29:12 寻找认证服务器...
2017-03-26 15:29:15 寻找认证服务器...
2017-03-26 15:29:15 连接认证服务器...
2017-03-26 15:29:15 正在进行认证...
2017-03-26 15:29:19 寻找认证服务器...
2017-03-26 15:29:19 连接认证服务器...
2017-03-26 15:29:19 正在进行认证...
2017-03-26 15:29:19 认证成功
2017-03-26 15:29:19 管理中心提示： 1.华科博世俱乐部核心成员招募http://t.cn/R6cJRTy
2.斯坦福、伯克利海外学习项目宣讲会http://t.cn/R65wJwz
3..第七届“职场明日之星”挑战赛http://t.cn/Rie3K9R






您当前使用的服务为internet;
账户余额为0.00元;
计费策略为20元包月;
您当前使用的接入控制为学生动态IP接入控制;
2017-03-26 22:30:49 2017-03-26 22:30:49 网线没有连接上，请检查网卡连接
2017-03-26 22:31:18 退出客户端成功
2017-03-26 22:31:22 认证方式  有线认证
2017-03-26 22:31:22 认证网卡  enp7s0f1
2017-03-26 22:31:22 用户名  M201572788
2017-03-26 22:31:22 服务  internet
2017-03-26 22:31:23 寻找认证服务器...
2017-03-26 22:31:23 2017-03-26 22:31:23 网线没有连接上，请检查网卡连接
2017-03-26 22:31:26 寻找认证服务器...
2017-03-26 22:31:29 寻找认证服务器...
2017-03-26 22:31:30 客户端提示： 网卡连接正常，连接速度:1000.0 Mbps
2017-03-26 22:31:30 寻找认证服务器...
2017-03-26 22:31:33 寻找认证服务器...
2017-03-26 22:31:33 连接认证服务器...
2017-03-26 22:31:33 正在进行认证...
2017-03-26 22:31:36 寻找认证服务器...
2017-03-26 22:31:36 连接认证服务器...
2017-03-26 22:31:36 正在进行认证...
2017-03-26 22:31:36 认证成功
2017-03-26 22:31:36 管理中心提示： 1.华科博世俱乐部核心成员招募http://t.cn/R6cJRTy
2.斯坦福、伯克利海外学习项目宣讲会http://t.cn/R65wJwz
3..第七届“职场明日之星”挑战赛http://t.cn/Rie3K9R






您当前使用的服务为internet;
账户余额为0.00元;
计费策略为20元包月;
您当前使用的接入控制为学生动态IP接入控制;
2017-03-26 22:33:35 2017-03-26 22:33:35 网线没有连接上，请检查网卡连接
2017-03-26 22:33:48 客户端提示： 网卡连接正常，连接速度:100.0 Mbps
2017-03-26 22:33:48 寻找认证服务器...
2017-03-26 22:33:51 寻找认证服务器...
2017-03-26 22:33:51 连接认证服务器...
2017-03-26 22:33:51 正在进行认证...
2017-03-26 22:33:54 寻找认证服务器...
2017-03-26 22:33:54 连接认证服务器...
2017-03-26 22:33:54 正在进行认证...
2017-03-26 22:33:54 认证成功
2017-03-26 22:33:54 管理中心提示： 1.华科博世俱乐部核心成员招募http://t.cn/R6cJRTy
2.斯坦福、伯克利海外学习项目宣讲会http://t.cn/R65wJwz
3..第七届“职场明日之星”挑战赛http://t.cn/Rie3K9R






您当前使用的服务为internet;
账户余额为0.00元;
计费策略为20元包月;
您当前使用的接入控制为学生动态IP接入控制;
2017-03-27 08:32:34 2017-03-27 08:32:34 网线没有连接上，请检查网卡连接
2017-03-27 08:33:25 退出客户端成功
2017-04-11 19:48:21 认证方式  有线认证
2017-04-11 19:48:21 认证网卡  enp7s0f1
2017-04-11 19:48:21 用户名  M201572788
2017-04-11 19:48:21 服务  internet
2017-04-11 19:48:21 寻找认证服务器...
2017-04-11 19:48:21 连接认证服务器...
2017-04-11 19:48:21 正在进行认证...
2017-04-11 19:48:24 寻找认证服务器...
2017-04-11 19:48:24 连接认证服务器...
2017-04-11 19:48:24 正在进行认证...
2017-04-11 19:48:24 认证成功
2017-04-11 19:48:24 管理中心提示： 










您当前使用的服务为internet;
账户余额为0.00元;
计费策略为20元包月;
您当前使用的接入控制为学生动态IP接入控制;
你的套餐即将到期,请缴费!
2017-04-12 03:34:09 2017-04-12 03:34:09 网线没有连接上，请检查网卡连接
2017-04-12 03:34:40 退出客户端成功
2017-04-12 03:34:44 认证方式  有线认证
2017-04-12 03:34:44 认证网卡  enp7s0f1
2017-04-12 03:34:44 用户名  M201572788
2017-04-12 03:34:44 服务  internet
2017-04-12 03:34:45 寻找认证服务器...
2017-04-12 03:34:45 2017-04-12 03:34:45 网线没有连接上，请检查网卡连接
2017-04-12 03:34:48 寻找认证服务器...
2017-04-12 03:34:51 寻找认证服务器...
2017-04-12 03:34:53 认证失败无法连接认证服务器。
2017-04-12 03:34:56 客户端提示： 网卡连接正常，连接速度:10.0 Mbps
2017-04-12 03:34:57 寻找认证服务器...
2017-04-12 03:34:57 2017-04-12 03:34:57 网线没有连接上，请检查网卡连接
2017-04-12 03:35:00 寻找认证服务器...
2017-04-12 03:35:03 寻找认证服务器...
2017-04-12 03:35:06 认证失败无法连接认证服务器。
2017-04-12 03:35:18 客户端提示： 网卡连接正常，连接速度:10.0 Mbps
2017-04-12 03:35:18 寻找认证服务器...
2017-04-12 03:35:18 2017-04-12 03:35:18 网线没有连接上，请检查网卡连接
2017-04-12 03:35:21 寻找认证服务器...
2017-04-12 03:35:24 寻找认证服务器...
2017-04-12 03:35:27 认证失败无法连接认证服务器。
2017-04-12 03:35:27 客户端提示： 网卡连接正常，连接速度:100.0 Mbps
2017-04-12 03:35:28 寻找认证服务器...
2017-04-12 03:35:31 寻找认证服务器...
2017-04-12 03:35:31 连接认证服务器...
2017-04-12 03:35:31 正在进行认证...
2017-04-12 03:36:16 2017-04-12 03:36:16 无法获取动态IP地址
2017-04-12 03:36:20 认证方式  有线认证
2017-04-12 03:36:20 认证网卡  enp7s0f1
2017-04-12 03:36:20 用户名  M201572788
2017-04-12 03:36:20 服务  internet
2017-04-12 03:36:20 寻找认证服务器...
2017-04-12 03:36:20 连接认证服务器...
2017-04-12 03:36:20 正在进行认证...
2017-04-12 03:37:05 2017-04-12 03:37:05 无法获取动态IP地址
2017-04-12 03:37:08 认证方式  有线认证
2017-04-12 03:37:08 认证网卡  enp7s0f1
2017-04-12 03:37:08 用户名  M201572788
2017-04-12 03:37:08 服务  internet
2017-04-12 03:37:08 寻找认证服务器...
2017-04-12 03:37:08 连接认证服务器...
2017-04-12 03:37:08 正在进行认证...
2017-04-12 03:37:53 2017-04-12 03:37:53 无法获取动态IP地址
2017-04-12 03:38:35 认证方式  有线认证
2017-04-12 03:38:35 认证网卡  enp7s0f1
2017-04-12 03:38:35 用户名  M201572788
2017-04-12 03:38:35 服务  internet
2017-04-12 03:38:35 寻找认证服务器...
2017-04-12 03:38:35 连接认证服务器...
2017-04-12 03:38:35 正在进行认证...
2017-04-12 03:38:38 寻找认证服务器...
2017-04-12 03:38:38 连接认证服务器...
2017-04-12 03:38:39 正在进行认证...
2017-04-12 03:38:39 认证成功
2017-04-12 03:38:39 管理中心提示： 










您当前使用的服务为internet;
账户余额为0.00元;
计费策略为20元包月;
您当前使用的接入控制为学生动态IP接入控制;
你的套餐即将到期,请缴费!
2017-04-12 05:32:28 2017-04-12 05:32:28 网线没有连接上，请检查网卡连接
2017-04-12 05:32:40 客户端提示： 网卡连接正常，连接速度:100.0 Mbps
2017-04-12 05:32:40 寻找认证服务器...
2017-04-12 05:32:43 寻找认证服务器...
2017-04-12 05:32:43 连接认证服务器...
2017-04-12 05:32:43 正在进行认证...
2017-04-12 05:32:46 寻找认证服务器...
2017-04-12 05:32:46 连接认证服务器...
2017-04-12 05:32:46 正在进行认证...
2017-04-12 05:32:46 认证成功
2017-04-12 05:32:46 管理中心提示： 










您当前使用的服务为internet;
账户余额为0.00元;
计费策略为20元包月;
您当前使用的接入控制为学生动态IP接入控制;
你的套餐即将到期,请缴费!
2017-04-12 11:46:54 2017-04-12 11:46:54 网线没有连接上，请检查网卡连接
2017-04-12 11:47:28 退出客户端成功
2017-05-21 07:51:20 认证方式  有线认证
2017-05-21 07:51:20 认证网卡  enp7s0f1
2017-05-21 07:51:20 用户名  M201572788
2017-05-21 07:51:20 服务  internet
2017-05-21 07:51:21 寻找认证服务器...
2017-05-21 07:51:21 连接认证服务器...
2017-05-21 07:51:21 正在进行认证...
2017-05-21 07:51:24 寻找认证服务器...
2017-05-21 07:51:24 连接认证服务器...
2017-05-21 07:51:24 正在进行认证...
2017-05-21 07:51:24 认证成功
2017-05-21 07:51:24 管理中心提示： 1.关于防范ONION勒索软件病毒攻击的紧急通知http://ncc.hust.edu.cn/tz12/945.jhtml
2.华中大钢琴音乐节http://t.cn/Rabrc5Q
3.5月21日晚7点，“醉晚亭”大型器乐欣赏晚会















您当前使用的服务为internet;
账户余额为80.00元;
计费策略为20元包月;
您当前使用的接入控制为学生动态IP接入控制;
2017-05-21 17:22:08 2017-05-21 17:22:08 网线没有连接上，请检查网卡连接
2017-05-21 17:22:16 客户端提示： 网卡连接正常，连接速度:100.0 Mbps
2017-05-21 17:22:16 寻找认证服务器...
2017-05-21 17:22:19 寻找认证服务器...
2017-05-21 17:22:19 连接认证服务器...
2017-05-21 17:22:19 正在进行认证...
2017-05-21 17:22:27 寻找认证服务器...
2017-05-21 17:22:27 连接认证服务器...
2017-05-21 17:22:27 正在进行认证...
2017-05-21 17:22:27 认证成功
2017-05-21 17:22:27 管理中心提示： 1.关于防范ONION勒索软件病毒攻击的紧急通知http://ncc.hust.edu.cn/tz12/945.jhtml
2.华中大钢琴音乐节http://t.cn/Rabrc5Q
3.5月21日晚7点，“醉晚亭”大型器乐欣赏晚会















您当前使用的服务为internet;
账户余额为80.00元;
计费策略为20元包月;
您当前使用的接入控制为学生动态IP接入控制;
2017-05-21 17:22:28 退出客户端成功
2017-05-22 04:40:37 认证方式  有线认证
2017-05-22 04:40:37 认证网卡  enp7s0f1
2017-05-22 04:40:37 用户名  M201572788
2017-05-22 04:40:37 服务  internet
2017-05-22 04:40:38 寻找认证服务器...
2017-05-22 04:40:38 连接认证服务器...
2017-05-22 04:40:38 客户端提示： 服务列表完成更新
2017-05-22 04:40:38 正在进行认证...
2017-05-22 04:40:41 寻找认证服务器...
2017-05-22 04:40:41 连接认证服务器...
2017-05-22 04:40:41 正在进行认证...
2017-05-22 04:40:41 认证成功
2017-05-22 04:40:41 管理中心提示： 1.关于防范ONION勒索软件病毒攻击的紧急通知http://ncc.hust.edu.cn/tz12/945.jhtml
2.华中大钢琴音乐节http://t.cn/Rabrc5Q
3.5月21日晚7点，“醉晚亭”大型器乐欣赏晚会















2017-05-22 04:43:12 2017-05-22 04:43:12 网线没有连接上，请检查网卡连接
2017-05-22 04:43:13 客户端提示： 网卡连接正常，连接速度:100.0 Mbps
2017-05-22 04:43:13 寻找认证服务器...
2017-05-22 04:43:13 连接认证服务器...
2017-05-22 04:43:13 正在进行认证...
2017-05-22 04:43:16 2017-05-22 04:43:16 网线没有连接上，请检查网卡连接
2017-05-22 04:43:18 客户端提示： 网卡连接正常，连接速度:100.0 Mbps
2017-05-22 04:43:18 寻找认证服务器...
2017-05-22 04:43:18 连接认证服务器...
2017-05-22 04:43:18 正在进行认证...
2017-05-22 04:43:24 寻找认证服务器...
2017-05-22 04:43:24 连接认证服务器...
2017-05-22 04:43:24 正在进行认证...
2017-05-22 04:43:24 认证成功
2017-05-22 04:43:24 管理中心提示： 1.关于防范ONION勒索软件病毒攻击的紧急通知http://ncc.hust.edu.cn/tz12/945.jhtml
2.华中大钢琴音乐节http://t.cn/Rabrc5Q
3.5月21日晚7点，“醉晚亭”大型器乐欣赏晚会















2017-05-22 04:43:39 2017-05-22 04:43:39 网线没有连接上，请检查网卡连接
2017-05-22 04:43:41 客户端提示： 网卡连接正常，连接速度:100.0 Mbps
2017-05-22 04:43:41 寻找认证服务器...
2017-05-22 04:43:41 连接认证服务器...
2017-05-22 04:43:41 正在进行认证...
2017-05-22 04:43:45 2017-05-22 04:43:45 网线没有连接上，请检查网卡连接
2017-05-22 04:43:47 客户端提示： 网卡连接正常，连接速度:100.0 Mbps
2017-05-22 04:43:47 寻找认证服务器...
2017-05-22 04:43:47 连接认证服务器...
2017-05-22 04:43:47 正在进行认证...
2017-05-22 04:43:52 寻找认证服务器...
2017-05-22 04:43:52 连接认证服务器...
2017-05-22 04:43:52 正在进行认证...
2017-05-22 04:43:52 认证成功
2017-05-22 04:43:52 管理中心提示： 1.关于防范ONION勒索软件病毒攻击的紧急通知http://ncc.hust.edu.cn/tz12/945.jhtml
2.华中大钢琴音乐节http://t.cn/Rabrc5Q
3.5月21日晚7点，“醉晚亭”大型器乐欣赏晚会















2017-05-22 04:45:23 2017-05-22 04:45:23 网线没有连接上，请检查网卡连接
2017-05-22 04:45:25 客户端提示： 网卡连接正常，连接速度:100.0 Mbps
2017-05-22 04:45:25 寻找认证服务器...
2017-05-22 04:45:25 连接认证服务器...
2017-05-22 04:45:25 正在进行认证...
2017-05-22 04:45:31 寻找认证服务器...
2017-05-22 04:45:31 连接认证服务器...
2017-05-22 04:45:31 正在进行认证...
2017-05-22 04:45:31 认证成功
2017-05-22 04:45:31 管理中心提示： 1.关于防范ONION勒索软件病毒攻击的紧急通知http://ncc.hust.edu.cn/tz12/945.jhtml
2.华中大钢琴音乐节http://t.cn/Rabrc5Q
3.5月21日晚7点，“醉晚亭”大型器乐欣赏晚会















2017-05-22 04:45:37 2017-05-22 04:45:37 网线没有连接上，请检查网卡连接
2017-05-22 04:45:39 客户端提示： 网卡连接正常，连接速度:100.0 Mbps
2017-05-22 04:45:39 寻找认证服务器...
2017-05-22 04:45:39 连接认证服务器...
2017-05-22 04:45:39 正在进行认证...
2017-05-22 04:45:44 寻找认证服务器...
2017-05-22 04:45:44 连接认证服务器...
2017-05-22 04:45:44 正在进行认证...
2017-05-22 04:45:44 认证成功
2017-05-22 04:45:44 管理中心提示： 1.关于防范ONION勒索软件病毒攻击的紧急通知http://ncc.hust.edu.cn/tz12/945.jhtml
2.华中大钢琴音乐节http://t.cn/Rabrc5Q
3.5月21日晚7点，“醉晚亭”大型器乐欣赏晚会















2017-05-22 04:45:58 2017-05-22 04:45:58 网线没有连接上，请检查网卡连接
2017-05-22 04:45:59 客户端提示： 网卡连接正常，连接速度:100.0 Mbps
2017-05-22 04:45:59 寻找认证服务器...
2017-05-22 04:45:59 连接认证服务器...
2017-05-22 04:45:59 正在进行认证...
2017-05-22 04:46:02 2017-05-22 04:46:02 网线没有连接上，请检查网卡连接
2017-05-22 04:46:04 客户端提示： 网卡连接正常，连接速度:100.0 Mbps
2017-05-22 04:46:04 寻找认证服务器...
2017-05-22 04:46:04 连接认证服务器...
2017-05-22 04:46:04 正在进行认证...
2017-05-22 04:46:10 寻找认证服务器...
2017-05-22 04:46:10 连接认证服务器...
2017-05-22 04:46:10 正在进行认证...
2017-05-22 04:46:10 认证成功
2017-05-22 04:46:10 管理中心提示： 1.关于防范ONION勒索软件病毒攻击的紧急通知http://ncc.hust.edu.cn/tz12/945.jhtml
2.华中大钢琴音乐节http://t.cn/Rabrc5Q
3.5月21日晚7点，“醉晚亭”大型器乐欣赏晚会















